# configure exec: ./configure --prefix=/home/linux/Documents/github/rebel-collections/rc-api/items-api/node_modules/node-rdkafka/build/deps --libdir=/home/linux/Documents/github/rebel-collections/rc-api/items-api/node_modules/node-rdkafka/build/deps --prefix=/home/linux/Documents/github/rebel-collections/rc-api/items-api/node_modules/node-rdkafka/build/deps --libdir=/home/linux/Documents/github/rebel-collections/rc-api/items-api/node_modules/node-rdkafka/build/deps
# On Wed 27 Mar 00:18:58 GMT 2024
DBG 54869: Setting distro (distro) status to ok (action ignore)
DBG 54869: ccenv: WITH_CC:  --version failed: mklove/modules/configure.base: line 1824: --version: command not found
DBG 54869: Setting ccenv (ccenv) status to failed (action cont)
DBG 54869: Check ccenv (WITH_CC, action cont (originally cont)) failed: command ' --version' failed:
mklove/modules/configure.base: line 1824: --version: command not found
DBG 54869: Setting gcc (gcc) status to ok (action cont)
DBG 54869: cxxenv: WITH_CXX:  --version failed: mklove/modules/configure.base: line 1824: --version: command not found
DBG 54869: Setting cxxenv (cxxenv) status to failed (action cont)
DBG 54869: Check cxxenv (WITH_CXX, action cont (originally cont)) failed: command ' --version' failed:
mklove/modules/configure.base: line 1824: --version: command not found
DBG 54869: Setting gxx (gxx) status to ok (action cont)
DBG 54869: Setting ld (ld) status to ok (action disable)
DBG 54869: Setting nm (nm) status to ok (action disable)
DBG 54869: Setting objdump (objdump) status to ok (action disable)
DBG 54869: Setting strip (strip) status to ok (action disable)
DBG 54869: libtool: : libtool is not executable: 
DBG 54869: Setting libtool (libtool) status to failed (action disable)
DBG 54869: Check libtool (, action disable (originally disable)) failed: libtool is not executable
DBG 54869: Setting ranlib (ranlib) status to ok (action disable)
DBG 54869: pkgconfig: WITH_PKGCONFIG: pkg-config --version failed: mklove/modules/configure.base: line 1824: pkg-config: command not found
DBG 54869: Setting pkgconfig (pkgconfig) status to failed (action cont)
DBG 54869: Check pkgconfig (WITH_PKGCONFIG, action cont (originally cont)) failed: command 'pkg-config --version' failed:
mklove/modules/configure.base: line 1824: pkg-config: command not found
DBG 54869: Setting install (install) status to ok (action cont)
DBG 54869: Setting gnuar (gnuar) status to ok (action disable)
DBG 54869: Compile check PIC (HAVE_PIC) (sub=0): gcc  -g -O2 -Wall -Werror _mkltmpcCUDs2.c -o _mkltmpcCUDs2.c.o  -L/home/linux/Documents/github/rebel-collections/rc-api/items-api/node_modules/node-rdkafka/build/deps -fPIC 
DBG 54869: Setting PIC (PIC) status to ok (action disable)
DBG 54869: Compile check gnulib (WITH_GNULD) (sub=0): gcc  -g -O2 -fPIC -Wall -Werror _mkltmptAjHE5.c -o _mkltmptAjHE5.c.o  -L/home/linux/Documents/github/rebel-collections/rc-api/items-api/node_modules/node-rdkafka/build/deps -shared -Wl,-soname,mkltest.0 
DBG 54869: Setting gnulib (gnulib) status to ok (action cont)
DBG 54869: Compile check ldsflagvs () (sub=0): gcc  -g -O2 -fPIC -Wall -Werror _mkltmpJIQhK2.c -o _mkltmpJIQhK2.c.o  -L/home/linux/Documents/github/rebel-collections/rc-api/items-api/node_modules/node-rdkafka/build/deps -shared -Wl,--version-script=_mkltmpzX2i1F 
DBG 54869: Setting ldsflagvs (ldsflagvs) status to ok (action cont)
DBG 54869: Compile check __atomic_32 (HAVE_ATOMICS_32) (sub=0): gcc  -g -O2 -fPIC -Wall -Werror _mkltmpaI2O7D.c -o _mkltmpaI2O7D.c.o  -L/home/linux/Documents/github/rebel-collections/rc-api/items-api/node_modules/node-rdkafka/build/deps  
DBG 54869: Setting __atomic_32 (__atomic_32) status to ok (action cont)
DBG 54869: Compile check __atomic_64 (HAVE_ATOMICS_64) (sub=0): gcc  -g -O2 -fPIC -Wall -Werror _mkltmpdeQYKb.c -o _mkltmpdeQYKb.c.o  -L/home/linux/Documents/github/rebel-collections/rc-api/items-api/node_modules/node-rdkafka/build/deps  
DBG 54869: Setting __atomic_64 (__atomic_64) status to ok (action cont)
DBG 54869: Compile check socket () (sub=0): gcc  -g -O2 -fPIC -Wall -Wsign-compare -Wfloat-equal -Wpointer-arith -Wcast-align -Wall -Werror _mkltmpRh6bnD.c -o _mkltmpRh6bnD.c.o  -L/home/linux/Documents/github/rebel-collections/rc-api/items-api/node_modules/node-rdkafka/build/deps  
DBG 54869: Setting socket (socket) status to ok (action cont)
DBG 54869: Setting parseversion (parseversion) status to ok (action cont)
DBG 54869: librt: Check for static library (libs -lrt, arfile variable STATIC_LIB_librt=, static filenames )
DBG 54869: Compile check librt () (sub=0): gcc  -g -O2 -fPIC -Wall -Wsign-compare -Wfloat-equal -Wpointer-arith -Wcast-align -Wall -Werror _mkltmpIGv4TF.c -o _mkltmpIGv4TF.c.o  -L/home/linux/Documents/github/rebel-collections/rc-api/items-api/node_modules/node-rdkafka/build/deps -lrt 
DBG 54869: Setting librt (librt) status to ok (action cont)
DBG 54869: librt: from lib_check: LIBS: prepend -lrt
DBG 54869: libpthread: Check for static library (libs -lpthread, arfile variable STATIC_LIB_libpthread=, static filenames )
DBG 54869: Compile check libpthread () (sub=0): gcc  -g -O2 -fPIC -Wall -Wsign-compare -Wfloat-equal -Wpointer-arith -Wcast-align -Wall -Werror _mkltmpJCiYpY.c -o _mkltmpJCiYpY.c.o  -L/home/linux/Documents/github/rebel-collections/rc-api/items-api/node_modules/node-rdkafka/build/deps -lpthread -lrt
DBG 54869: Setting libpthread (libpthread) status to ok (action fail)
DBG 54869: libpthread: from lib_check: LIBS: prepend -lpthread
DBG 54869: c11threads: Check for static library (libs -lpthread -lrt, arfile variable STATIC_LIB_c11threads=, static filenames )
DBG 54869: Compile check c11threads (WITH_C11THREADS) (sub=0): gcc  -g -O2 -fPIC -Wall -Wsign-compare -Wfloat-equal -Wpointer-arith -Wcast-align -Wall -Werror _mkltmpW2jAtJ.c -o _mkltmpW2jAtJ.c.o  -L/home/linux/Documents/github/rebel-collections/rc-api/items-api/node_modules/node-rdkafka/build/deps -lpthread -lrt -lpthread -lrt
DBG 54869: Setting c11threads (c11threads) status to ok (action disable)
DBG 54869: c11threads: from lib_check: LIBS: prepend -lpthread -lrt
DBG 54869: libdl: Check for static library (libs -ldl, arfile variable STATIC_LIB_libdl=, static filenames )
DBG 54869: Compile check libdl (WITH_LIBDL) (sub=0): gcc  -g -O2 -fPIC -Wall -Wsign-compare -Wfloat-equal -Wpointer-arith -Wcast-align -Wall -Werror _mkltmpQs5n14.c -o _mkltmpQs5n14.c.o  -L/home/linux/Documents/github/rebel-collections/rc-api/items-api/node_modules/node-rdkafka/build/deps -ldl -lpthread -lrt -lpthread -lrt
DBG 54869: Setting libdl (libdl) status to ok (action disable)
DBG 54869: libdl: from lib_check: LIBS: prepend -ldl
DBG 54869: zlib: Check for static library (libs -lz, arfile variable STATIC_LIB_zlib=, static filenames libz.a)
DBG 54869: Compile check zlib (WITH_ZLIB) (sub=0): gcc  -g -O2 -fPIC -Wall -Wsign-compare -Wfloat-equal -Wpointer-arith -Wcast-align -Wall -Werror _mkltmp4UtvHv.c -o _mkltmp4UtvHv.c.o  -L/home/linux/Documents/github/rebel-collections/rc-api/items-api/node_modules/node-rdkafka/build/deps -lz -ldl -lpthread -lrt -lpthread -lrt
DBG 54869: Setting zlib (zlib) status to ok (action disable)
DBG 54869: zlib: from lib_check: LIBS: prepend -lz
DBG 54869: libcrypto: Check for static library (libs -lcrypto, arfile variable STATIC_LIB_libcrypto=, static filenames libcrypto.a)
DBG 54869: Compile check libcrypto () (sub=0): gcc  -g -O2 -fPIC -Wall -Wsign-compare -Wfloat-equal -Wpointer-arith -Wcast-align -Wall -Werror _mkltmpKcK2iY.c -o _mkltmpKcK2iY.c.o  -L/home/linux/Documents/github/rebel-collections/rc-api/items-api/node_modules/node-rdkafka/build/deps -lcrypto -lz -ldl -lpthread -lrt -lpthread -lrt
DBG 54869: Setting libcrypto (libcrypto) status to ok (action disable)
DBG 54869: libcrypto: from lib_check: LIBS: prepend -lcrypto
DBG 54869: libssl: Check for static library (libs -lssl -lcrypto, arfile variable STATIC_LIB_libssl=, static filenames libssl.a)
DBG 54869: Compile check libssl (WITH_SSL) (sub=0): gcc  -g -O2 -fPIC -Wall -Wsign-compare -Wfloat-equal -Wpointer-arith -Wcast-align -Wall -Werror _mkltmprHOPmw.c -o _mkltmprHOPmw.c.o  -L/home/linux/Documents/github/rebel-collections/rc-api/items-api/node_modules/node-rdkafka/build/deps -lssl -lcrypto -lcrypto -lz -ldl -lpthread -lrt -lpthread -lrt
DBG 54869: Setting libssl (libssl) status to ok (action disable)
DBG 54869: libssl: from lib_check: LIBS: prepend -lssl -lcrypto
DBG 54869: Compile check libcrypto () (sub=1): gcc  -g -O2 -fPIC -Wall -Wsign-compare -Wfloat-equal -Wpointer-arith -Wcast-align -Wall -Werror _mkltmpN4dGSw.c -o _mkltmpN4dGSw.c.o  -L/home/linux/Documents/github/rebel-collections/rc-api/items-api/node_modules/node-rdkafka/build/deps -lcrypto -lssl -lcrypto -lcrypto -lz -ldl -lpthread -lrt -lpthread -lrt
DBG 54869: compile check for libcrypto () failed: gcc  -g -O2 -fPIC -Wall -Wsign-compare -Wfloat-equal -Wpointer-arith -Wcast-align -Wall -Werror _mkltmpN4dGSw.c -o _mkltmpN4dGSw.c.o  -L/home/linux/Documents/github/rebel-collections/rc-api/items-api/node_modules/node-rdkafka/build/deps -lcrypto -lssl -lcrypto -lcrypto -lz -ldl -lpthread -lrt -lpthread -lrt: _mkltmpN4dGSw.c:4:2: error: #error "OpenSSL version >= v3.0.0 needs OPENSSL_SUPPRESS_DEPRECATED"
    4 | #error "OpenSSL version >= v3.0.0 needs OPENSSL_SUPPRESS_DEPRECATED"
      |  ^~~~~
DBG 54869: libsasl2: Check for static library (libs -lsasl2, arfile variable STATIC_LIB_libsasl2=, static filenames )
DBG 54869: Compile check libsasl2 (WITH_SASL_CYRUS) (sub=0): gcc  -g -O2 -fPIC -Wall -Wsign-compare -Wfloat-equal -Wpointer-arith -Wcast-align -Wall -Werror _mkltmp6pLlDd.c -o _mkltmp6pLlDd.c.o  -L/home/linux/Documents/github/rebel-collections/rc-api/items-api/node_modules/node-rdkafka/build/deps -lsasl2 -lssl -lcrypto -lcrypto -lz -ldl -lpthread -lrt -lpthread -lrt
DBG 54869: compile check for libsasl2 (WITH_SASL_CYRUS) failed: gcc  -g -O2 -fPIC -Wall -Wsign-compare -Wfloat-equal -Wpointer-arith -Wcast-align -Wall -Werror _mkltmp6pLlDd.c -o _mkltmp6pLlDd.c.o  -L/home/linux/Documents/github/rebel-collections/rc-api/items-api/node_modules/node-rdkafka/build/deps -lsasl2 -lssl -lcrypto -lcrypto -lz -ldl -lpthread -lrt -lpthread -lrt: _mkltmp6pLlDd.c:3:10: fatal error: sasl/sasl.h: No such file or directory
    3 | #include <sasl/sasl.h>
      |          ^~~~~~~~~~~~~
compilation terminated.
DBG 54869: Setting libsasl2 (libsasl2) status to failed (action disable)
DBG 54869: Check libsasl2 (WITH_SASL_CYRUS, action disable (originally disable)) failed: compile check failed:
CC: CC
flags: -lsasl2
gcc  -g -O2 -fPIC -Wall -Wsign-compare -Wfloat-equal -Wpointer-arith -Wcast-align -Wall -Werror _mkltmp6pLlDd.c -o _mkltmp6pLlDd.c.o  -L/home/linux/Documents/github/rebel-collections/rc-api/items-api/node_modules/node-rdkafka/build/deps -lsasl2 -lssl -lcrypto -lcrypto -lz -ldl -lpthread -lrt -lpthread -lrt:
_mkltmp6pLlDd.c:3:10: fatal error: sasl/sasl.h: No such file or directory
    3 | #include <sasl/sasl.h>
      |          ^~~~~~~~~~~~~
compilation terminated.
source: 
#include <stddef.h>
#include <sasl/sasl.h>

DBG 54869: libsasl: Check for static library (libs -lsasl, arfile variable STATIC_LIB_libsasl=, static filenames )
DBG 54869: Compile check libsasl (WITH_SASL_CYRUS) (sub=0): gcc  -g -O2 -fPIC -Wall -Wsign-compare -Wfloat-equal -Wpointer-arith -Wcast-align -Wall -Werror _mkltmpkTrvyg.c -o _mkltmpkTrvyg.c.o  -L/home/linux/Documents/github/rebel-collections/rc-api/items-api/node_modules/node-rdkafka/build/deps -lsasl -lssl -lcrypto -lcrypto -lz -ldl -lpthread -lrt -lpthread -lrt
DBG 54869: compile check for libsasl (WITH_SASL_CYRUS) failed: gcc  -g -O2 -fPIC -Wall -Wsign-compare -Wfloat-equal -Wpointer-arith -Wcast-align -Wall -Werror _mkltmpkTrvyg.c -o _mkltmpkTrvyg.c.o  -L/home/linux/Documents/github/rebel-collections/rc-api/items-api/node_modules/node-rdkafka/build/deps -lsasl -lssl -lcrypto -lcrypto -lz -ldl -lpthread -lrt -lpthread -lrt: _mkltmpkTrvyg.c:3:10: fatal error: sasl/sasl.h: No such file or directory
    3 | #include <sasl/sasl.h>
      |          ^~~~~~~~~~~~~
compilation terminated.
DBG 54869: Setting libsasl (libsasl) status to failed (action disable)
DBG 54869: Check libsasl (WITH_SASL_CYRUS, action disable (originally disable)) failed: compile check failed:
CC: CC
flags: -lsasl
gcc  -g -O2 -fPIC -Wall -Wsign-compare -Wfloat-equal -Wpointer-arith -Wcast-align -Wall -Werror _mkltmpkTrvyg.c -o _mkltmpkTrvyg.c.o  -L/home/linux/Documents/github/rebel-collections/rc-api/items-api/node_modules/node-rdkafka/build/deps -lsasl -lssl -lcrypto -lcrypto -lz -ldl -lpthread -lrt -lpthread -lrt:
_mkltmpkTrvyg.c:3:10: fatal error: sasl/sasl.h: No such file or directory
    3 | #include <sasl/sasl.h>
      |          ^~~~~~~~~~~~~
compilation terminated.
source: 
#include <stddef.h>
#include <sasl/sasl.h>

DBG 54869: libzstd: Check for static library (libs -lzstd, arfile variable STATIC_LIB_libzstd=, static filenames libzstd.a)
DBG 54869: Compile check libzstd (WITH_ZSTD) (sub=0): gcc  -g -O2 -fPIC -Wall -Wsign-compare -Wfloat-equal -Wpointer-arith -Wcast-align -Wall -Werror _mkltmpYbnXcG.c -o _mkltmpYbnXcG.c.o  -L/home/linux/Documents/github/rebel-collections/rc-api/items-api/node_modules/node-rdkafka/build/deps -lzstd -lssl -lcrypto -lcrypto -lz -ldl -lpthread -lrt -lpthread -lrt
DBG 54869: compile check for libzstd (WITH_ZSTD) failed: gcc  -g -O2 -fPIC -Wall -Wsign-compare -Wfloat-equal -Wpointer-arith -Wcast-align -Wall -Werror _mkltmpYbnXcG.c -o _mkltmpYbnXcG.c.o  -L/home/linux/Documents/github/rebel-collections/rc-api/items-api/node_modules/node-rdkafka/build/deps -lzstd -lssl -lcrypto -lcrypto -lz -ldl -lpthread -lrt -lpthread -lrt: _mkltmpYbnXcG.c:2:10: fatal error: zstd.h: No such file or directory
    2 | #include <zstd.h>
      |          ^~~~~~~~
compilation terminated.
DBG 54869: Setting libzstd (libzstd) status to failed (action disable)
DBG 54869: Check libzstd (WITH_ZSTD, action disable (originally disable)) failed: compile check failed:
CC: CC
flags: -lzstd
gcc  -g -O2 -fPIC -Wall -Wsign-compare -Wfloat-equal -Wpointer-arith -Wcast-align -Wall -Werror _mkltmpYbnXcG.c -o _mkltmpYbnXcG.c.o  -L/home/linux/Documents/github/rebel-collections/rc-api/items-api/node_modules/node-rdkafka/build/deps -lzstd -lssl -lcrypto -lcrypto -lz -ldl -lpthread -lrt -lpthread -lrt:
_mkltmpYbnXcG.c:2:10: fatal error: zstd.h: No such file or directory
    2 | #include <zstd.h>
      |          ^~~~~~~~
compilation terminated.
source: 
#include <zstd.h>
#include <zstd_errors.h>

void foo (void) {
     ZSTD_getFrameContentSize(NULL, 0);
}

DBG 54869: libcurl: Check for static library (libs -lcurl, arfile variable STATIC_LIB_libcurl=, static filenames libcurl.a)
DBG 54869: Compile check libcurl (WITH_CURL) (sub=0): gcc  -g -O2 -fPIC -Wall -Wsign-compare -Wfloat-equal -Wpointer-arith -Wcast-align -Wall -Werror _mkltmpCsw968.c -o _mkltmpCsw968.c.o  -L/home/linux/Documents/github/rebel-collections/rc-api/items-api/node_modules/node-rdkafka/build/deps -lcurl -lssl -lcrypto -lcrypto -lz -ldl -lpthread -lrt -lpthread -lrt
DBG 54869: compile check for libcurl (WITH_CURL) failed: gcc  -g -O2 -fPIC -Wall -Wsign-compare -Wfloat-equal -Wpointer-arith -Wcast-align -Wall -Werror _mkltmpCsw968.c -o _mkltmpCsw968.c.o  -L/home/linux/Documents/github/rebel-collections/rc-api/items-api/node_modules/node-rdkafka/build/deps -lcurl -lssl -lcrypto -lcrypto -lz -ldl -lpthread -lrt -lpthread -lrt: _mkltmpCsw968.c:2:10: fatal error: curl/curl.h: No such file or directory
    2 | #include <curl/curl.h>
      |          ^~~~~~~~~~~~~
compilation terminated.
DBG 54869: Setting libcurl (libcurl) status to failed (action disable)
DBG 54869: Check libcurl (WITH_CURL, action disable (originally disable)) failed: compile check failed:
CC: CC
flags: -lcurl
gcc  -g -O2 -fPIC -Wall -Wsign-compare -Wfloat-equal -Wpointer-arith -Wcast-align -Wall -Werror _mkltmpCsw968.c -o _mkltmpCsw968.c.o  -L/home/linux/Documents/github/rebel-collections/rc-api/items-api/node_modules/node-rdkafka/build/deps -lcurl -lssl -lcrypto -lcrypto -lz -ldl -lpthread -lrt -lpthread -lrt:
_mkltmpCsw968.c:2:10: fatal error: curl/curl.h: No such file or directory
    2 | #include <curl/curl.h>
      |          ^~~~~~~~~~~~~
compilation terminated.
source: 
#include <curl/curl.h>

void foo (void) {
     curl_global_init(CURL_GLOBAL_DEFAULT);
}

DBG 54869: libm: Check for static library (libs -lm, arfile variable STATIC_LIB_libm=, static filenames )
DBG 54869: Compile check libm () (sub=0): gcc  -g -O2 -fPIC -Wall -Wsign-compare -Wfloat-equal -Wpointer-arith -Wcast-align -Wall -Werror _mkltmp3RGZak.c -o _mkltmp3RGZak.c.o  -L/home/linux/Documents/github/rebel-collections/rc-api/items-api/node_modules/node-rdkafka/build/deps -lm -lssl -lcrypto -lcrypto -lz -ldl -lpthread -lrt -lpthread -lrt
DBG 54869: Setting libm (libm) status to ok (action disable)
DBG 54869: libm: from lib_check: LIBS: prepend -lm
DBG 54869: liblz4: Check for static library (libs -llz4, arfile variable STATIC_LIB_liblz4=, static filenames liblz4.a)
DBG 54869: Compile check liblz4 (WITH_LZ4_EXT) (sub=0): gcc  -g -O2 -fPIC -Wall -Wsign-compare -Wfloat-equal -Wpointer-arith -Wcast-align -Wall -Werror _mkltmpmwCtNy.c -o _mkltmpmwCtNy.c.o  -L/home/linux/Documents/github/rebel-collections/rc-api/items-api/node_modules/node-rdkafka/build/deps -llz4 -lm -lssl -lcrypto -lcrypto -lz -ldl -lpthread -lrt -lpthread -lrt
DBG 54869: compile check for liblz4 (WITH_LZ4_EXT) failed: gcc  -g -O2 -fPIC -Wall -Wsign-compare -Wfloat-equal -Wpointer-arith -Wcast-align -Wall -Werror _mkltmpmwCtNy.c -o _mkltmpmwCtNy.c.o  -L/home/linux/Documents/github/rebel-collections/rc-api/items-api/node_modules/node-rdkafka/build/deps -llz4 -lm -lssl -lcrypto -lcrypto -lz -ldl -lpthread -lrt -lpthread -lrt: _mkltmpmwCtNy.c:1:10: fatal error: lz4frame.h: No such file or directory
    1 | #include <lz4frame.h>
      |          ^~~~~~~~~~~~
compilation terminated.
DBG 54869: Setting liblz4 (liblz4) status to failed (action disable)
DBG 54869: Check liblz4 (WITH_LZ4_EXT, action disable (originally disable)) failed: compile check failed:
CC: CC
flags: -llz4
gcc  -g -O2 -fPIC -Wall -Wsign-compare -Wfloat-equal -Wpointer-arith -Wcast-align -Wall -Werror _mkltmpmwCtNy.c -o _mkltmpmwCtNy.c.o  -L/home/linux/Documents/github/rebel-collections/rc-api/items-api/node_modules/node-rdkafka/build/deps -llz4 -lm -lssl -lcrypto -lcrypto -lz -ldl -lpthread -lrt -lpthread -lrt:
_mkltmpmwCtNy.c:1:10: fatal error: lz4frame.h: No such file or directory
    1 | #include <lz4frame.h>
      |          ^~~~~~~~~~~~
compilation terminated.
source: #include <lz4frame.h>
DBG 54869: Compile check syslog (WITH_SYSLOG) (sub=0): gcc  -g -O2 -fPIC -Wall -Wsign-compare -Wfloat-equal -Wpointer-arith -Wcast-align -Wall -Werror _mkltmphxHqZ8.c -o _mkltmphxHqZ8.c.o  -L/home/linux/Documents/github/rebel-collections/rc-api/items-api/node_modules/node-rdkafka/build/deps  -lm -lssl -lcrypto -lcrypto -lz -ldl -lpthread -lrt -lpthread -lrt
DBG 54869: Setting syslog (syslog) status to ok (action disable)
DBG 54869: Compile check rapidjson (WITH_RAPIDJSON) (sub=0): g++  -g -O2 -fPIC -Wall -Wsign-compare -Wfloat-equal -Wpointer-arith -Wcast-align -Wall -Werror _mkltmpvsXs09.cpp -o _mkltmpvsXs09.cpp.o  -L/home/linux/Documents/github/rebel-collections/rc-api/items-api/node_modules/node-rdkafka/build/deps  -lm -lssl -lcrypto -lcrypto -lz -ldl -lpthread -lrt -lpthread -lrt
DBG 54869: compile check for rapidjson (WITH_RAPIDJSON) failed: g++  -g -O2 -fPIC -Wall -Wsign-compare -Wfloat-equal -Wpointer-arith -Wcast-align -Wall -Werror _mkltmpvsXs09.cpp -o _mkltmpvsXs09.cpp.o  -L/home/linux/Documents/github/rebel-collections/rc-api/items-api/node_modules/node-rdkafka/build/deps  -lm -lssl -lcrypto -lcrypto -lz -ldl -lpthread -lrt -lpthread -lrt: _mkltmpvsXs09.cpp:1:10: fatal error: rapidjson/schema.h: No such file or directory
    1 | #include <rapidjson/schema.h>
      |          ^~~~~~~~~~~~~~~~~~~~
compilation terminated.
DBG 54869: Setting rapidjson (rapidjson) status to failed (action disable)
DBG 54869: Check rapidjson (WITH_RAPIDJSON, action disable (originally disable)) failed: compile check failed:
CC: CXX
flags: 
g++  -g -O2 -fPIC -Wall -Wsign-compare -Wfloat-equal -Wpointer-arith -Wcast-align -Wall -Werror _mkltmpvsXs09.cpp -o _mkltmpvsXs09.cpp.o  -L/home/linux/Documents/github/rebel-collections/rc-api/items-api/node_modules/node-rdkafka/build/deps  -lm -lssl -lcrypto -lcrypto -lz -ldl -lpthread -lrt -lpthread -lrt:
_mkltmpvsXs09.cpp:1:10: fatal error: rapidjson/schema.h: No such file or directory
    1 | #include <rapidjson/schema.h>
      |          ^~~~~~~~~~~~~~~~~~~~
compilation terminated.
source: #include <rapidjson/schema.h>
DBG 54869: Compile check crc32chw (WITH_CRC32C_HW) (sub=0): gcc  -g -O2 -fPIC -Wall -Wsign-compare -Wfloat-equal -Wpointer-arith -Wcast-align -Wall -Werror _mkltmpte5jDq.c -o _mkltmpte5jDq.c.o  -L/home/linux/Documents/github/rebel-collections/rc-api/items-api/node_modules/node-rdkafka/build/deps  -lm -lssl -lcrypto -lcrypto -lz -ldl -lpthread -lrt -lpthread -lrt
DBG 54869: Setting crc32chw (crc32chw) status to ok (action disable)
DBG 54869: Compile check regex (HAVE_REGEX) (sub=0): gcc  -g -O2 -fPIC -Wall -Wsign-compare -Wfloat-equal -Wpointer-arith -Wcast-align -Wall -Werror _mkltmpAnpvQd.c -o _mkltmpAnpvQd.c.o  -L/home/linux/Documents/github/rebel-collections/rc-api/items-api/node_modules/node-rdkafka/build/deps  -lm -lssl -lcrypto -lcrypto -lz -ldl -lpthread -lrt -lpthread -lrt
DBG 54869: Setting regex (regex) status to ok (action disable)
DBG 54869: Compile check rand_r (HAVE_RAND_R) (sub=0): gcc  -g -O2 -fPIC -Wall -Wsign-compare -Wfloat-equal -Wpointer-arith -Wcast-align -Wall -Werror _mkltmpscLjAB.c -o _mkltmpscLjAB.c.o  -L/home/linux/Documents/github/rebel-collections/rc-api/items-api/node_modules/node-rdkafka/build/deps  -lm -lssl -lcrypto -lcrypto -lz -ldl -lpthread -lrt -lpthread -lrt
DBG 54869: Setting rand_r (rand_r) status to ok (action disable)
DBG 54869: Compile check strndup (HAVE_STRNDUP) (sub=0): gcc  -g -O2 -fPIC -Wall -Wsign-compare -Wfloat-equal -Wpointer-arith -Wcast-align -Wall -Werror _mkltmpgICMg8.c -o _mkltmpgICMg8.c.o  -L/home/linux/Documents/github/rebel-collections/rc-api/items-api/node_modules/node-rdkafka/build/deps  -lm -lssl -lcrypto -lcrypto -lz -ldl -lpthread -lrt -lpthread -lrt
DBG 54869: Setting strndup (strndup) status to ok (action disable)
DBG 54869: Compile check strlcpy (HAVE_STRLCPY) (sub=0): gcc  -g -O2 -fPIC -Wall -Wsign-compare -Wfloat-equal -Wpointer-arith -Wcast-align -Wall -Werror _mkltmp8XXiMl.c -o _mkltmp8XXiMl.c.o  -L/home/linux/Documents/github/rebel-collections/rc-api/items-api/node_modules/node-rdkafka/build/deps  -lm -lssl -lcrypto -lcrypto -lz -ldl -lpthread -lrt -lpthread -lrt
DBG 54869: compile check for strlcpy (HAVE_STRLCPY) failed: gcc  -g -O2 -fPIC -Wall -Wsign-compare -Wfloat-equal -Wpointer-arith -Wcast-align -Wall -Werror _mkltmp8XXiMl.c -o _mkltmp8XXiMl.c.o  -L/home/linux/Documents/github/rebel-collections/rc-api/items-api/node_modules/node-rdkafka/build/deps  -lm -lssl -lcrypto -lcrypto -lz -ldl -lpthread -lrt -lpthread -lrt: _mkltmp8XXiMl.c: In function ‘foo’:
_mkltmp8XXiMl.c:6:11: error: implicit declaration of function ‘strlcpy’; did you mean ‘strncpy’? [-Werror=implicit-function-declaration]
    6 |    return strlcpy(dest, "something", sizeof(dest));
      |           ^~~~~~~
      |           strncpy
cc1: all warnings being treated as errors
DBG 54869: Setting strlcpy (strlcpy) status to failed (action disable)
DBG 54869: Check strlcpy (HAVE_STRLCPY, action disable (originally disable)) failed: compile check failed:
CC: CC
flags: 
gcc  -g -O2 -fPIC -Wall -Wsign-compare -Wfloat-equal -Wpointer-arith -Wcast-align -Wall -Werror _mkltmp8XXiMl.c -o _mkltmp8XXiMl.c.o  -L/home/linux/Documents/github/rebel-collections/rc-api/items-api/node_modules/node-rdkafka/build/deps  -lm -lssl -lcrypto -lcrypto -lz -ldl -lpthread -lrt -lpthread -lrt:
_mkltmp8XXiMl.c: In function ‘foo’:
_mkltmp8XXiMl.c:6:11: error: implicit declaration of function ‘strlcpy’; did you mean ‘strncpy’? [-Werror=implicit-function-declaration]
    6 |    return strlcpy(dest, "something", sizeof(dest));
      |           ^~~~~~~
      |           strncpy
cc1: all warnings being treated as errors
source: 
#define _DARWIN_C_SOURCE
#include <string.h>
int foo (void) {
    char dest[4];
   return strlcpy(dest, "something", sizeof(dest));
}
DBG 54869: Compile check strerror_r (HAVE_STRERROR_R) (sub=0): gcc  -g -O2 -fPIC -Wall -Wsign-compare -Wfloat-equal -Wpointer-arith -Wcast-align -Wall -Werror _mkltmpw9QEqW.c -o _mkltmpw9QEqW.c.o  -L/home/linux/Documents/github/rebel-collections/rc-api/items-api/node_modules/node-rdkafka/build/deps  -lm -lssl -lcrypto -lcrypto -lz -ldl -lpthread -lrt -lpthread -lrt
DBG 54869: Setting strerror_r (strerror_r) status to ok (action disable)
DBG 54869: Compile check strcasestr (HAVE_STRCASESTR) (sub=0): gcc  -g -O2 -fPIC -Wall -Wsign-compare -Wfloat-equal -Wpointer-arith -Wcast-align -Wall -Werror _mkltmpxhILos.c -o _mkltmpxhILos.c.o  -L/home/linux/Documents/github/rebel-collections/rc-api/items-api/node_modules/node-rdkafka/build/deps  -lm -lssl -lcrypto -lcrypto -lz -ldl -lpthread -lrt -lpthread -lrt
DBG 54869: Setting strcasestr (strcasestr) status to ok (action disable)
DBG 54869: Compile check pthread_setname_gnu (HAVE_PTHREAD_SETNAME_GNU) (sub=0): gcc  -g -O2 -fPIC -Wall -Wsign-compare -Wfloat-equal -Wpointer-arith -Wcast-align -Wall -Werror _mkltmpvUqPxH.c -o _mkltmpvUqPxH.c.o  -L/home/linux/Documents/github/rebel-collections/rc-api/items-api/node_modules/node-rdkafka/build/deps -D_GNU_SOURCE -lpthread -lm -lssl -lcrypto -lcrypto -lz -ldl -lpthread -lrt -lpthread -lrt
DBG 54869: Setting pthread_setname_gnu (pthread_setname_gnu) status to ok (action disable)
DBG 54869: Setting nm (nm) status to ok (action cont)
DBG 54869: Setting python3 (python3) status to ok (action disable)
DBG 54869: Compile check getrusage (HAVE_GETRUSAGE) (sub=0): gcc  -g -O2 -fPIC -Wall -Wsign-compare -Wfloat-equal -Wpointer-arith -Wcast-align -Wall -Werror _mkltmp5W3Om1.c -o _mkltmp5W3Om1.c.o  -L/home/linux/Documents/github/rebel-collections/rc-api/items-api/node_modules/node-rdkafka/build/deps  -lm -lssl -lcrypto -lcrypto -lz -ldl -lpthread -lrt -lpthread -lrt
DBG 54869: Setting getrusage (getrusage) status to ok (action disable)
